<?xml version="1.0" encoding="UTF-8"?>
<testsuite xmlns:xsi="http://www.w3.org/2001/XMLSchema-instance" xsi:noNamespaceSchemaLocation="https://maven.apache.org/surefire/maven-surefire-plugin/xsd/surefire-test-report.xsd" version="3.0.2" name="com.group4.case2.DroolsRuleEvaluatorTests" time="1.176" tests="10" errors="0" skipped="0" failures="0">
  <properties>
[...]
</properties>
  <testcase name="routesSwitzerlandToAutomaticStandardShipping" classname="com.group4.case2.DroolsRuleEvaluatorTests" time="0.811">
    <system-out><![CDATA[21:35:56.456 [main] INFO org.drools.compiler.kie.builder.impl.ClasspathKieProject -- Found kmodule: file:/C:/Users/Loris/Github/it-architecture/case2/target/classes/META-INF/kmodule.xml
21:35:56.646 [main] WARN org.drools.compiler.kie.builder.impl.ClasspathKieProject -- Unable to find pom.properties in /C:/Users/Loris/Github/it-architecture/case2/target/classes
21:35:56.653 [main] INFO org.drools.compiler.kie.builder.impl.ClasspathKieProject -- Recursed up folders, found and used pom.xml C:\Users\Loris\Github\it-architecture\case2\pom.xml
21:35:56.653 [main] INFO org.drools.compiler.kie.builder.impl.InternalKieModuleProvider -- Creating KieModule for artifact com.group4:case2:0.0.1-SNAPSHOT
21:35:56.653 [main] INFO org.drools.modelcompiler.CanonicalKieModuleProvider -- No executable model found for artifact com.group4:case2:0.0.1-SNAPSHOT. Falling back to resources parsing.
21:35:56.667 [main] INFO org.drools.compiler.kie.builder.impl.KieContainerImpl -- Start creation of KieBase: shippingRulesKBase
21:35:57.395 [main] INFO org.drools.compiler.kie.builder.impl.KieContainerImpl -- End creation of KieBase: shippingRulesKBase
21:35:57.464 [main] INFO com.group4.case2.DroolsRuleEvaluator -- Drools evaluation complete: decisionId=5aba74c0-72d8-4101-a4c8-1be028697e9f, firedRules=2, outcome=STANDARD_SPEDITION_AUTOMATED, channel=STANDARD_SPEDITION, ruleId=CH_DE_STANDARD_SPEDITION, ruleVersion=v1
]]></system-out>
  </testcase>
  <testcase name="routesGermanyToAutomaticStandardShipping" classname="com.group4.case2.DroolsRuleEvaluatorTests" time="0.009">
    <system-out><![CDATA[21:35:57.480 [main] INFO com.group4.case2.DroolsRuleEvaluator -- Drools evaluation complete: decisionId=25a07947-85bb-43e9-9145-d7b682878e6d, firedRules=2, outcome=STANDARD_SPEDITION_AUTOMATED, channel=STANDARD_SPEDITION, ruleId=CH_DE_STANDARD_SPEDITION, ruleVersion=v1
]]></system-out>
  </testcase>
  <testcase name="routesRussiaToManualSanctionsReview" classname="com.group4.case2.DroolsRuleEvaluatorTests" time="0.004">
    <system-out><![CDATA[21:35:57.483 [main] INFO com.group4.case2.DroolsRuleEvaluator -- Drools evaluation complete: decisionId=163cf475-1706-43dd-9c96-a6960c49708d, firedRules=2, outcome=MANUAL_REVIEW_REQUIRED, channel=SANCTIONS_REVIEW, ruleId=RU_MANUAL_SANCTIONS_REVIEW, ruleVersion=v1
]]></system-out>
  </testcase>
  <testcase name="routesJapanAt200ToAirFreightManualPath" classname="com.group4.case2.DroolsRuleEvaluatorTests" time="0.003">
    <system-out><![CDATA[21:35:57.487 [main] INFO com.group4.case2.DroolsRuleEvaluator -- Drools evaluation complete: decisionId=3d04809f-0a46-4b93-8933-1cbc30661017, firedRules=2, outcome=MANUAL_REVIEW_REQUIRED, channel=AIR_FREIGHT, ruleId=JP_AIR_FREIGHT_UNAVAILABLE, ruleVersion=v1
]]></system-out>
  </testcase>
  <testcase name="routesArgentinaAt500ToSpecialCarrierManualPath" classname="com.group4.case2.DroolsRuleEvaluatorTests" time="0.002">
    <system-out><![CDATA[21:35:57.489 [main] INFO com.group4.case2.DroolsRuleEvaluator -- Drools evaluation complete: decisionId=ff407cba-7ee2-46d2-9121-7b12d155a874, firedRules=2, outcome=MANUAL_REVIEW_REQUIRED, channel=SPECIAL_SPEDITION_ARGENTINA, ruleId=AR_SPECIAL_SPEDITION_UNAVAILABLE, ruleVersion=v1
]]></system-out>
  </testcase>
  <testcase name="routesArgentinaAt60ToSpecialCarrierManualPath" classname="com.group4.case2.DroolsRuleEvaluatorTests" time="0.001">
    <system-out><![CDATA[21:35:57.490 [main] INFO com.group4.case2.DroolsRuleEvaluator -- Drools evaluation complete: decisionId=dbde1eca-f2fd-4105-b0b7-c4f5462e686c, firedRules=2, outcome=MANUAL_REVIEW_REQUIRED, channel=SPECIAL_SPEDITION_ARGENTINA, ruleId=AR_SPECIAL_SPEDITION_UNAVAILABLE, ruleVersion=v1
]]></system-out>
  </testcase>
  <testcase name="routesArgentinaBelow60ToPostManualPath" classname="com.group4.case2.DroolsRuleEvaluatorTests" time="0.002">
    <system-out><![CDATA[21:35:57.493 [main] INFO com.group4.case2.DroolsRuleEvaluator -- Drools evaluation complete: decisionId=16c62255-31b0-4918-9b3a-2adea8b4892b, firedRules=2, outcome=MANUAL_REVIEW_REQUIRED, channel=POST, ruleId=AR_POST_UNAVAILABLE, ruleVersion=v1
]]></system-out>
  </testcase>
  <testcase name="routesJapanAbove200ToDefaultManualRule" classname="com.group4.case2.DroolsRuleEvaluatorTests" time="0.001">
    <system-out><![CDATA[21:35:57.493 [main] INFO com.group4.case2.DroolsRuleEvaluator -- Drools evaluation complete: decisionId=35c23547-6281-4dd7-be1c-af859ef4e8dd, firedRules=1, outcome=MANUAL_REVIEW_REQUIRED, channel=MANUAL_REVIEW, ruleId=DEFAULT_MANUAL_REVIEW, ruleVersion=v1
]]></system-out>
  </testcase>
  <testcase name="routesArgentinaAbove500ToManualPath" classname="com.group4.case2.DroolsRuleEvaluatorTests" time="0.002">
    <system-out><![CDATA[21:35:57.496 [main] INFO com.group4.case2.DroolsRuleEvaluator -- Drools evaluation complete: decisionId=fbf7c4a6-1578-4333-b759-59bcb494ce53, firedRules=2, outcome=MANUAL_REVIEW_REQUIRED, channel=MANUAL_REVIEW, ruleId=AR_OVER_500_MANUAL, ruleVersion=v1
]]></system-out>
  </testcase>
  <testcase name="routesUnknownCountryToDefaultManualRule" classname="com.group4.case2.DroolsRuleEvaluatorTests" time="0.001">
    <system-out><![CDATA[21:35:57.497 [main] INFO com.group4.case2.DroolsRuleEvaluator -- Drools evaluation complete: decisionId=f137cfaa-18d9-4cf1-b515-6bf985b41651, firedRules=1, outcome=MANUAL_REVIEW_REQUIRED, channel=MANUAL_REVIEW, ruleId=DEFAULT_MANUAL_REVIEW, ruleVersion=v1
]]></system-out>
  </testcase>
</testsuite>